SF:lib\src\features\domain\entities\book_detail_entity.dart
DA:21,6
DA:39,1
DA:56,1
DA:57,1
DA:58,1
DA:59,1
DA:60,1
DA:61,1
DA:62,1
DA:63,1
DA:64,1
DA:65,1
DA:66,1
DA:67,1
DA:68,1
DA:69,1
DA:70,1
DA:71,1
DA:74,1
DA:75,1
DA:76,1
DA:77,1
DA:78,1
DA:79,1
DA:80,1
DA:81,1
DA:82,1
DA:83,1
DA:84,1
DA:85,1
DA:86,1
DA:87,1
DA:88,1
DA:89,1
DA:90,1
LF:35
LH:35
end_of_record
SF:lib\src\features\domain\entities\pdf_entity.dart
DA:7,3
DA:12,1
DA:16,1
DA:17,1
DA:18,1
DA:21,1
DA:22,1
DA:23,1
DA:24,1
LF:9
LH:9
end_of_record
SF:lib\src\features\domain\entities\book_entity.dart
DA:11,6
DA:20,1
DA:28,1
DA:29,1
DA:30,1
DA:31,1
DA:32,1
DA:33,1
DA:34,1
DA:37,1
DA:38,1
DA:39,1
DA:40,1
DA:41,1
DA:42,1
DA:43,1
DA:44,1
LF:17
LH:17
end_of_record
SF:lib\src\features\domain\entities\book_pagination_entity.dart
DA:10,6
DA:17,1
DA:23,1
DA:24,1
DA:25,1
DA:26,1
DA:27,1
DA:30,1
DA:31,1
DA:32,1
DA:33,1
DA:34,1
DA:35,1
LF:13
LH:13
end_of_record
SF:lib\src\core\error\failures.dart
DA:9,3
DA:15,0
DA:16,0
DA:24,3
DA:31,3
DA:33,0
DA:38,0
DA:40,0
DA:41,0
DA:42,0
DA:43,0
DA:44,0
DA:45,0
DA:47,0
DA:48,0
DA:49,0
DA:53,0
DA:67,0
DA:70,0
DA:72,0
DA:73,0
LF:21
LH:3
end_of_record
SF:lib\src\features\domain\usecases\get_book_details_use_cases.dart
DA:9,1
DA:10,1
DA:12,2
LF:3
LH:3
end_of_record
SF:lib\src\core\usecases\use_cases.dart
DA:10,2
DA:11,2
LF:2
LH:2
end_of_record
SF:lib\src\features\data\DTOs\search_dto.dart
DA:5,2
LF:1
LH:1
end_of_record
SF:lib\src\features\domain\usecases\get_new_books_use_cases.dart
DA:9,1
DA:10,1
DA:12,2
LF:3
LH:3
end_of_record
SF:lib\src\features\domain\usecases\search_books_use_cases.dart
DA:10,1
DA:11,1
DA:13,2
LF:3
LH:3
end_of_record
SF:lib\src\features\app\pages\book_detail\book_detail_controller.dart
DA:10,1
DA:14,1
DA:15,2
DA:16,1
DA:17,0
DA:18,1
DA:19,1
DA:20,2
LF:8
LH:7
end_of_record
SF:lib\src\features\app\pages\home\home_controller.dart
DA:24,2
DA:32,1
DA:33,2
DA:34,1
DA:35,0
DA:36,1
DA:37,1
DA:38,2
DA:43,2
DA:44,6
DA:45,2
DA:46,0
DA:47,2
DA:48,2
DA:49,4
DA:54,0
DA:55,0
DA:56,0
DA:57,0
DA:58,0
DA:59,0
DA:60,0
DA:61,0
DA:66,1
DA:68,3
DA:69,2
DA:70,1
LF:27
LH:17
end_of_record
SF:lib\src\core\utils\utils.dart
DA:6,0
DA:12,2
DA:14,0
DA:15,0
DA:16,0
DA:19,1
DA:20,1
LF:7
LH:3
end_of_record
SF:lib\src\features\app\pages\book_detail\book_detail_screen.dart
DA:8,1
DA:10,1
DA:12,2
DA:13,3
DA:15,1
DA:18,1
DA:20,2
DA:21,1
DA:22,1
DA:28,0
DA:29,0
DA:30,0
DA:35,0
DA:38,0
DA:39,0
DA:41,0
DA:47,0
DA:48,0
DA:56,0
DA:57,0
DA:58,0
DA:59,0
DA:60,0
DA:62,0
DA:65,0
DA:66,0
DA:73,0
DA:75,0
DA:76,0
DA:83,0
DA:88,0
DA:89,0
DA:96,0
DA:100,0
DA:101,0
DA:108,0
DA:110,0
DA:111,0
DA:112,0
DA:114,0
DA:115,0
DA:116,0
LF:42
LH:9
end_of_record
SF:lib\src\features\app\widgets\custom_title.dart
DA:8,0
DA:10,0
DA:12,0
DA:15,0
DA:16,0
DA:17,0
DA:18,0
DA:27,0
DA:29,0
DA:30,0
DA:31,0
DA:32,0
DA:34,0
DA:45,0
DA:48,0
DA:51,0
DA:55,0
LF:17
LH:0
end_of_record
SF:lib\src\features\app\pages\home\home_screen.dart
DA:10,1
DA:12,1
DA:14,2
DA:16,1
DA:19,1
DA:22,1
DA:24,1
DA:25,1
DA:27,1
DA:28,1
DA:38,1
DA:39,3
DA:40,0
DA:41,0
DA:42,0
DA:43,0
DA:46,0
DA:49,0
DA:50,0
DA:51,2
DA:63,1
DA:65,2
DA:66,1
DA:67,2
DA:68,3
DA:79,0
DA:80,0
DA:81,0
DA:82,0
DA:83,0
DA:84,0
LF:31
LH:18
end_of_record
SF:lib\src\features\app\widgets\book_tile.dart
DA:9,0
DA:11,0
DA:13,0
DA:16,0
DA:17,0
DA:18,0
DA:19,0
DA:20,0
DA:21,0
DA:22,0
DA:24,0
LF:11
LH:0
end_of_record
SF:lib\src\features\app\widgets\custom_text_field_with_title.dart
DA:23,1
DA:43,1
DA:45,1
DA:47,1
DA:48,1
DA:49,1
DA:50,1
DA:51,1
DA:52,1
DA:53,1
DA:56,1
DA:57,1
DA:58,1
DA:59,1
DA:60,1
DA:61,1
DA:62,1
DA:63,1
DA:64,1
DA:65,1
DA:66,1
DA:67,1
LF:22
LH:22
end_of_record
SF:lib\src\features\app\widgets\custom_text.dart
DA:9,1
DA:18,1
DA:20,1
DA:21,1
DA:22,1
DA:23,1
DA:24,1
DA:25,1
DA:27,1
LF:9
LH:9
end_of_record
SF:lib\src\features\app\widgets\custom_text_field.dart
DA:16,1
DA:32,1
DA:34,1
DA:35,1
DA:36,1
DA:37,1
DA:38,1
DA:39,1
DA:40,1
DA:41,1
DA:42,1
DA:44,1
DA:45,1
DA:46,1
DA:49,1
DA:50,1
DA:55,1
DA:56,1
DA:57,1
DA:58,1
DA:60,1
DA:62,1
DA:63,1
DA:64,1
DA:66,1
DA:68,1
DA:69,1
DA:70,1
DA:72,1
DA:74,1
DA:75,1
DA:76,1
DA:78,1
DA:80,1
DA:81,1
DA:82,1
DA:84,1
DA:91,1
DA:92,1
DA:93,1
DA:95,1
LF:41
LH:41
end_of_record
